生成启动时间为 2015/3/7 19:14:03。
     1>项目“E:\programming\openGL\freeglut-2.8.1\VisualStudio\2012\freeglut.vcxproj”在节点 2 上(Build 个目标)。
     1>ClCompile:
         D:\Program Files (x86)\Microsoft Visual Studio 11.0\VC\bin\CL.exe /c /I..\..\include /Zi /nologo /W3 /WX- /Od /Oy- /D _DEBUG /D WIN32 /D _WINDOWS /D _USRDLL /D FREEGLUT_EXPORTS /D _WINDLL /D _MBCS /Gm /EHsc /RTC1 /MDd /GS /fp:precise /Zc:wchar_t /Zc:forScope /Fo"build\Debug\Win32_v110\\" /Fd"build\Debug\Win32_v110\vc110.pdb" /Gd /TC /wd4996 /analyze- /errorReport:prompt ..\..\src\freeglut_callbacks.c ..\..\src\freeglut_cursor.c ..\..\src\freeglut_display.c ..\..\src\freeglut_ext.c ..\..\src\freeglut_font.c ..\..\src\freeglut_font_data.c ..\..\src\freeglut_gamemode.c ..\..\src\freeglut_geometry.c ..\..\src\freeglut_glutfont_definitions.c ..\..\src\freeglut_init.c ..\..\src\freeglut_input_devices.c ..\..\src\freeglut_joystick.c ..\..\src\freeglut_main.c ..\..\src\freeglut_menu.c ..\..\src\freeglut_misc.c ..\..\src\freeglut_overlay.c ..\..\src\freeglut_spaceball.c ..\..\src\freeglut_state.c ..\..\src\freeglut_stroke_mono_roman.c ..\..\src\freeglut_stroke_roman.c ..\..\src\freeglut_structure.c ..\..\src\freeglut_teapot.c ..\..\src\freeglut_videoresize.c ..\..\src\freeglut_window.c
         freeglut_window.c
         fgSetupPixelFormat(): there is still some work to do here!
         freeglut_videoresize.c
         freeglut_teapot.c
         freeglut_structure.c
         freeglut_stroke_roman.c
         freeglut_stroke_mono_roman.c
         freeglut_state.c
         freeglut_spaceball.c
         freeglut_overlay.c
         freeglut_misc.c
         freeglut_menu.c
         freeglut_main.c
         freeglut_joystick.c
         freeglut_input_devices.c
         freeglut_init.c
         freeglut_glutfont_definitions.c
         freeglut_geometry.c
         freeglut_gamemode.c
         freeglut_font_data.c
         freeglut_font.c
         正在生成代码...
         正在编译...
         freeglut_ext.c
         freeglut_display.c
         freeglut_cursor.c
         freeglut_callbacks.c
         正在生成代码...
       ResourceCompile:
         C:\Program Files (x86)\Windows Kits\8.0\bin\x86\rc.exe /D _DEBUG /l"0x0409" /nologo /fo"build\Debug\Win32_v110\freeglut.res" ..\..\freeglut.rc 
       Link:
         D:\Program Files (x86)\Microsoft Visual Studio 11.0\VC\bin\link.exe /ERRORREPORT:PROMPT /OUT:"..\..\lib\x86\Debug\freeglut.dll" /INCREMENTAL /NOLOGO kernel32.lib user32.lib gdi32.lib winspool.lib comdlg32.lib advapi32.lib shell32.lib ole32.lib oleaut32.lib uuid.lib odbc32.lib odbccp32.lib /DEF:"..\..\src\freeglutdll.def" /MANIFEST /MANIFESTUAC:"level='asInvoker' uiAccess='false'" /manifest:embed /DEBUG /PDB:"..\..\lib\x86\Debug\freeglut.pdb" /TLBID:1 /DYNAMICBASE:NO /IMPLIB:"..\..\lib\x86\Debug\freeglut.lib" /MACHINE:X86 /SAFESEH /DLL build\Debug\Win32_v110\freeglut.res
         build\Debug\Win32_v110\freeglut_callbacks.obj
         build\Debug\Win32_v110\freeglut_cursor.obj
         build\Debug\Win32_v110\freeglut_display.obj
         build\Debug\Win32_v110\freeglut_ext.obj
         build\Debug\Win32_v110\freeglut_font.obj
         build\Debug\Win32_v110\freeglut_font_data.obj
         build\Debug\Win32_v110\freeglut_gamemode.obj
         build\Debug\Win32_v110\freeglut_geometry.obj
         build\Debug\Win32_v110\freeglut_glutfont_definitions.obj
         build\Debug\Win32_v110\freeglut_init.obj
         build\Debug\Win32_v110\freeglut_input_devices.obj
         build\Debug\Win32_v110\freeglut_joystick.obj
         build\Debug\Win32_v110\freeglut_main.obj
         build\Debug\Win32_v110\freeglut_menu.obj
         build\Debug\Win32_v110\freeglut_misc.obj
         build\Debug\Win32_v110\freeglut_overlay.obj
         build\Debug\Win32_v110\freeglut_spaceball.obj
         build\Debug\Win32_v110\freeglut_state.obj
         build\Debug\Win32_v110\freeglut_stroke_mono_roman.obj
         build\Debug\Win32_v110\freeglut_stroke_roman.obj
         build\Debug\Win32_v110\freeglut_structure.obj
         build\Debug\Win32_v110\freeglut_teapot.obj
         build\Debug\Win32_v110\freeglut_videoresize.obj
         build\Debug\Win32_v110\freeglut_window.obj
            正在创建库 ..\..\lib\x86\Debug\freeglut.lib 和对象 ..\..\lib\x86\Debug\freeglut.exp
         freeglut.vcxproj -> E:\programming\openGL\freeglut-2.8.1\VisualStudio\2012\..\..\lib\x86\Debug\freeglut.dll
     1>已完成生成项目“E:\programming\openGL\freeglut-2.8.1\VisualStudio\2012\freeglut.vcxproj”(Build 个目标)的操作。

生成成功。

已用时间 00:00:06.53
